   0.0 TEL | Telepresence 0.109 launched at Tue Nov 30 16:39:33 2021
   0.0 TEL |   /usr/local/bin/telepresence
   0.0 TEL | uname: uname_result(system='Darwin', node='mactino.local', release='20.4.0', version='Darwin Kernel Version 20.4.0: Thu Apr 22 21:46:47 PDT 2021; root:xnu-7195.101.2~1/RELEASE_X86_64', machine='x86_64')
   0.0 TEL | Platform: darwin
   0.0 TEL | WSL: False
   0.0 TEL | Python 3.9.7 (default, Oct 13 2021, 06:45:31)
   0.0 TEL | [Clang 13.0.0 (clang-1300.0.29.3)]
   0.0 TEL | BEGIN SPAN main.py:40(main)
   0.0 TEL | BEGIN SPAN startup.py:83(set_kube_command)
   0.0 TEL | Found kubectl -> /usr/local/bin/kubectl
   0.0 TEL | [1] Capturing: kubectl config current-context
   0.1 TEL | [1] captured in 0.05 secs.
   0.1 TEL | [2] Capturing: kubectl --context default version --short
   0.3 TEL | [2] captured in 0.20 secs.
   0.3 TEL | [3] Capturing: kubectl --context default config view -o json
   0.3 TEL | [3] captured in 0.05 secs.
   0.3 TEL | [4] Capturing: kubectl --context default api-versions
   0.6 TEL | [4] captured in 0.31 secs.
   0.6 TEL | Command: kubectl 1.21.5
   0.6 TEL | Context: default, namespace: default, version: 1.21.5+k3s2
   0.6 TEL | Looks like we're in a local VM, e.g. minikube.
   0.6 TEL | END SPAN startup.py:83(set_kube_command)    0.6s
   0.6 >>> | Using a Pod instead of a Deployment for the Telepresence proxy. If you experience problems, please file an issue!
   0.6 >>> | Set the environment variable TELEPRESENCE_USE_DEPLOYMENT to any non-empty value to force the old behavior, e.g.,
   0.6 >>> |     env TELEPRESENCE_USE_DEPLOYMENT=1 telepresence --run curl hello
   0.6 >>> | 
   0.6 TEL | Found ssh -> /usr/bin/ssh
   0.6 TEL | [5] Capturing: ssh -V
   0.6 TEL | [5] captured in 0.01 secs.
   0.6 TEL | Found bash -> /usr/local/bin/bash
   0.6 TEL | Found sshuttle-telepresence -> /usr/local/Cellar/telepresence-legacy/0.109/libexec/sshuttle-telepresence
   0.7 TEL | Found pfctl -> /sbin/pfctl
   0.7 TEL | Found sudo -> /usr/bin/sudo
   0.7 TEL | [6] Running: sudo -n echo -n
   0.7 TEL | [6] ran in 0.03 secs.
   0.7 >>> | Starting proxy with method 'vpn-tcp', which has the following limitations: All processes are affected, only one telepresence can run per machine, and you can't use other VPNs. You may need to add cloud hosts and headless services with --also-proxy. For a full list of method limitations see https://telepresence.io/reference/methods.html
   0.7 TEL | Found sshfs -> /usr/local/bin/sshfs
   0.7 TEL | Found umount -> /sbin/umount
   0.7 >>> | Volumes are rooted at $TELEPRESENCE_ROOT. See https://telepresence.io/howto/volumes.html for details.
   0.7 TEL | [7] Running: kubectl --context default --namespace default get pods telepresence-connectivity-check --ignore-not-found
   0.8 TEL | [7] ran in 0.15 secs.
   1.3 TEL | Scout info: {'latest_version': '0.109', 'application': 'telepresence', 'notices': []}
   1.3 >>> | Starting network proxy to cluster using new Pod telepresence-1638286773-2790232-20513
   1.3 TEL | [8] Running: kubectl --context default --namespace default create -f -
   1.7   8 | pod/telepresence-1638286773-2790232-20513 created
   1.7 TEL | [8] ran in 0.33 secs.
   1.7 TEL | BEGIN SPAN remote.py:109(wait_for_pod)
   1.7 TEL | [9] Running: kubectl --context default --namespace default wait --for=condition=ready --timeout=60s pod/telepresence-1638286773-2790232-20513
   3.4   9 | pod/telepresence-1638286773-2790232-20513 condition met
   3.4 TEL | [9] ran in 1.69 secs.
   3.4 TEL | [10] Capturing: kubectl --context default --namespace default get pod telepresence-1638286773-2790232-20513 -o json
   3.5 TEL | [10] captured in 0.17 secs.
   3.5 TEL | END SPAN remote.py:109(wait_for_pod)    1.9s
   3.5 TEL | BEGIN SPAN connect.py:37(connect)
   3.5 TEL | [11] Launching kubectl logs: kubectl --context default --namespace default logs -f telepresence-1638286773-2790232-20513 --container telepresence --tail=10
   3.5 TEL | [12] Launching kubectl port-forward: kubectl --context default --namespace default port-forward telepresence-1638286773-2790232-20513 56406:8022
   3.5 TEL | [13] Running: ssh -F /dev/null -oStrictHostKeyChecking=no -oUserKnownHostsFile=/dev/null -oConnectTimeout=5 -q -p 56406 telepresence@127.0.0.1 /bin/true
   3.6 TEL | [13] exit 255 in 0.01 secs.
   3.8  11 | Pod's namespace is 'default'
   3.8  11 | Listening...
   3.8  11 | 2021-11-30T15:39:36+0000 [-] Loading ./forwarder.py...
   3.8  11 | 2021-11-30T15:39:36+0000 [-] SOCKSv5Factory starting on 9050
   3.8  11 | 2021-11-30T15:39:36+0000 [socks.SOCKSv5Factory#info] Starting factory <socks.SOCKSv5Factory object at 0x7fe4671fa898>
   3.8  11 | 2021-11-30T15:39:36+0000 [-] DNSDatagramProtocol starting on 9053
   3.8  11 | 2021-11-30T15:39:36+0000 [-] Starting protocol <twisted.names.dns.DNSDatagramProtocol object at 0x7fe4671faa90>
   3.8  11 | 2021-11-30T15:39:36+0000 [-] Loaded.
   3.8  11 | 2021-11-30T15:39:36+0000 [twisted.scripts._twistd_unix.UnixAppLogger#info] twistd 20.3.0 (/usr/bin/python3.6 3.6.8) starting up.
   3.8  11 | 2021-11-30T15:39:36+0000 [twisted.scripts._twistd_unix.UnixAppLogger#info] reactor class: twisted.internet.epollreactor.EPollReactor.
   3.8 TEL | [14] Running: ssh -F /dev/null -oStrictHostKeyChecking=no -oUserKnownHostsFile=/dev/null -oConnectTimeout=5 -q -p 56406 telepresence@127.0.0.1 /bin/true
   3.8 TEL | [14] exit 255 in 0.01 secs.
   3.9  12 | Forwarding from 127.0.0.1:56406 -> 8022
   3.9  12 | Forwarding from [::1]:56406 -> 8022
   4.1 TEL | [15] Running: ssh -F /dev/null -oStrictHostKeyChecking=no -oUserKnownHostsFile=/dev/null -oConnectTimeout=5 -q -p 56406 telepresence@127.0.0.1 /bin/true
   4.1  12 | Handling connection for 56406
   4.5 TEL | [15] ran in 0.39 secs.
   4.5 >>> | 
   4.5 >>> | No traffic is being forwarded from the remote Deployment to your local machine. You can use the --expose option to specify which ports you want to forward.
   4.5 >>> | 
   4.5 TEL | Launching Web server for proxy poll
   4.5 TEL | [16] Launching SSH port forward (socks and proxy poll): ssh -N -oServerAliveInterval=1 -oServerAliveCountMax=10 -F /dev/null -oStrictHostKeyChecking=no -oUserKnownHostsFile=/dev/null -oConnectTimeout=5 -q -p 56406 telepresence@127.0.0.1 -L127.0.0.1:56423:127.0.0.1:9050 -R9055:127.0.0.1:56424
   4.5 TEL | END SPAN connect.py:37(connect)    0.9s
   4.5 TEL | BEGIN SPAN remote_env.py:29(get_remote_env)
   4.5 TEL | [17] Capturing: kubectl --context default --namespace default exec telepresence-1638286773-2790232-20513 --container telepresence -- python3 podinfo.py
   4.5  12 | Handling connection for 56406
   5.1 TEL | [17] captured in 0.61 secs.
   5.1 TEL | END SPAN remote_env.py:29(get_remote_env)    0.6s
   5.1 TEL | BEGIN SPAN mount.py:30(mount_remote_volumes)
   5.1 TEL | [18] Running: sshfs -p 56406 -F /dev/null -oStrictHostKeyChecking=no -oUserKnownHostsFile=/dev/null -oConnectTimeout=5 telepresence@127.0.0.1:/ /tmp/tel-r474ai62/fs
  18.0  18 | mount_macfuse: the file system is not available (1)
  18.1 TEL | [18] exit 1 in 12.98 secs.
  18.1 >>> | Mounting remote volumes failed, they will be unavailable in this session. If you are running on Windows Subystem for Linux then see https://github.com/datawire/telepresence/issues/115, otherwise please report a bug, attaching telepresence.log to the bug report: https://github.com/datawire/telepresence/issues/new
  18.1 TEL | END SPAN mount.py:30(mount_remote_volumes)   13.0s
  18.1 TEL | BEGIN SPAN vpn.py:62(connect_sshuttle)
  18.1 TEL | BEGIN SPAN cidr.py:113(get_proxy_cidrs)
  18.1 TEL | END SPAN cidr.py:113(get_proxy_cidrs)    0.0s
  18.1 TEL | [19] Launching sshuttle: sshuttle-telepresence -v --dns --method auto -e 'ssh -F /dev/null -oStrictHostKeyChecking=no -oUserKnownHostsFile=/dev/null -oConnectTimeout=5' -r telepresence@127.0.0.1:56406 --to-ns 127.0.0.1:9053 10.42.0.0/24 10.43.0.0/16
  18.1 TEL | BEGIN SPAN vpn.py:85(connect_sshuttle,sshuttle-wait)
  18.1 TEL | Wait for vpn-tcp connection: hellotelepresence-0
  18.1 TEL | [20] Capturing: python3 -c 'import socket; socket.gethostbyname("hellotelepresence-0")'
  18.2 TEL | [20] exit 1 in 0.13 secs.
  18.2 TEL | [21] Capturing: python3 -c 'import socket; socket.gethostbyname("hellotelepresence-0.a.sanity.check.telepresence.io")'
  18.3 TEL | [21] exit 1 in 0.13 secs.
  18.4 TEL | Wait for vpn-tcp connection: hellotelepresence-1
  18.4 TEL | [22] Capturing: python3 -c 'import socket; socket.gethostbyname("hellotelepresence-1")'
  18.5 TEL | [22] exit 1 in 0.12 secs.
  18.5 TEL | [23] Capturing: python3 -c 'import socket; socket.gethostbyname("hellotelepresence-1.a.sanity.check.telepresence.io")'
  18.6 TEL | [23] exit 1 in 0.07 secs.
  18.6  19 | /usr/local/Cellar/telepresence-legacy/0.109/libexec/sshuttle-telepresence/.bootstrap/pex/pex_info.py:408: PEXWarning: PEX_ROOT is configured as /Users/martino/.pex but that path is un-writeable, falling back to a temporary PEX_ROOT of /var/folders/m3/1jn_htcx0zsgp1zstpbrgn9c0000gn/T/tmpkwixzx2i which will hurt performance.
  18.7  19 | /private/var/folders/m3/1jn_htcx0zsgp1zstpbrgn9c0000gn/T/tmpkwixzx2i/installed_wheels/b9a99f237adb2ba53a57e284de2521655b6ed14e/sshuttle_telepresence-0.78.2.dev45+gd250ccb-py2.py3-none-any.whl/sshuttle/ssh.py:72: SyntaxWarning: "is not" with a literal. Did you mean "!="?
  18.7  19 |   if result[1] is not '':
  18.7  19 | Starting sshuttle proxy.
  18.7 TEL | Wait for vpn-tcp connection: hellotelepresence-2
  18.7 TEL | [24] Capturing: python3 -c 'import socket; socket.gethostbyname("hellotelepresence-2")'
  18.8 TEL | [24] exit 1 in 0.12 secs.
  18.8 TEL | [25] Capturing: python3 -c 'import socket; socket.gethostbyname("hellotelepresence-2.a.sanity.check.telepresence.io")'
  19.0 TEL | [25] exit 1 in 0.13 secs.
  19.1 TEL | Wait for vpn-tcp connection: hellotelepresence-3
  19.1 TEL | [26] Capturing: python3 -c 'import socket; socket.gethostbyname("hellotelepresence-3")'
  19.2 TEL | [26] exit 1 in 0.12 secs.
  19.2 TEL | [27] Capturing: python3 -c 'import socket; socket.gethostbyname("hellotelepresence-3.a.sanity.check.telepresence.io")'
  19.3 TEL | [27] exit 1 in 0.12 secs.
  19.4 TEL | Wait for vpn-tcp connection: hellotelepresence-4
  19.4 TEL | [28] Capturing: python3 -c 'import socket; socket.gethostbyname("hellotelepresence-4")'
  19.5 TEL | [28] exit 1 in 0.12 secs.
  19.5 TEL | [29] Capturing: python3 -c 'import socket; socket.gethostbyname("hellotelepresence-4.a.sanity.check.telepresence.io")'
  19.7 TEL | [29] exit 1 in 0.12 secs.
  19.8 TEL | Wait for vpn-tcp connection: hellotelepresence-5
  19.8 TEL | [30] Capturing: python3 -c 'import socket; socket.gethostbyname("hellotelepresence-5")'
  19.9 TEL | [30] exit 1 in 0.12 secs.
  19.9 TEL | [31] Capturing: python3 -c 'import socket; socket.gethostbyname("hellotelepresence-5.a.sanity.check.telepresence.io")'
  19.9  19 | firewall manager: Starting firewall with Python version 3.9.7
  19.9  19 | firewall manager: ready method name pf.
  19.9  19 | IPv6 enabled: True
  19.9  19 | UDP enabled: False
  19.9  19 | DNS enabled: True
  19.9  19 | TCP redirector listening on ('::1', 12300, 0, 0).
  19.9  19 | TCP redirector listening on ('127.0.0.1', 12300).
  19.9  19 | DNS listening on ('::1', 12300, 0, 0).
  19.9  19 | DNS listening on ('127.0.0.1', 12300).
  19.9  19 | Starting client with Python version 3.9.7
  19.9  19 | c : connecting to server...
  20.0  12 | Handling connection for 56406
  20.0 TEL | [31] exit 1 in 0.07 secs.
  20.1 TEL | Wait for vpn-tcp connection: hellotelepresence-6
  20.1 TEL | [32] Capturing: python3 -c 'import socket; socket.gethostbyname("hellotelepresence-6")'
  20.1  19 | Warning: Permanently added '[127.0.0.1]:56406' (ECDSA) to the list of known hosts.
  20.2 TEL | [32] exit 1 in 0.12 secs.
  20.2 TEL | [33] Capturing: python3 -c 'import socket; socket.gethostbyname("hellotelepresence-6.a.sanity.check.telepresence.io")'
  20.3 TEL | [33] exit 1 in 0.12 secs.
  20.4  19 | Starting server with Python version 3.6.8
  20.4  19 |  s: latency control setting = True
  20.4 TEL | Wait for vpn-tcp connection: hellotelepresence-7
  20.4 TEL | [34] Capturing: python3 -c 'import socket; socket.gethostbyname("hellotelepresence-7")'
  20.4  19 |  s: available routes:
  20.4  19 |  s:   2/10.42.0.0/24
  20.4  19 |  s:   2/10.42.0.0/16
  20.4  19 | c : Connected.
  20.4  19 | firewall manager: setting up.
  20.4  19 | >> pfctl -s Interfaces -i lo -v
  20.4  19 | >> pfctl -s all
  20.4  19 | >> pfctl -a sshuttle6-12300 -f /dev/stdin
  20.4  19 | >> pfctl -E
  20.4  19 | >> pfctl -s Interfaces -i lo -v
  20.4  19 | >> pfctl -s all
  20.5  19 | >> pfctl -a sshuttle-12300 -f /dev/stdin
  20.5  19 | >> pfctl -E
  20.5  19 | c : DNS request from ('192.168.86.30', 59604) to None: 37 bytes
  20.5  11 | 2021-11-30T15:39:53+0000 [stdout#info] Set DNS suffix we filter out to: [()]
  20.5  11 | 2021-11-30T15:39:53+0000 [stdout#info] Result for b'hellotelepresence-7' is ['127.0.0.1']
  20.6 TEL | [34] captured in 0.17 secs.
  20.6 TEL | Resolved hellotelepresence-7. 2 more...
  20.6 TEL | [35] Capturing: python3 -c 'import socket; socket.gethostbyname("hellotelepresence-7.a.sanity.check.telepresence.io")'
  20.6  19 | c : DNS request from ('192.168.86.30', 49975) to None: 68 bytes
  20.7  11 | 2021-11-30T15:39:54+0000 [stdout#info] Sanity check: b'hellotelepresence-7.a.sanity.check.telepresence.io'
  20.7 TEL | [35] exit 1 in 0.12 secs.
  20.8 TEL | Wait for vpn-tcp connection: hellotelepresence-8
  20.8 TEL | [36] Capturing: python3 -c 'import socket; socket.gethostbyname("hellotelepresence-8")'
  20.9  19 | c : DNS request from ('192.168.86.30', 49709) to None: 63 bytes
  20.9  11 | 2021-11-30T15:39:54+0000 [stdout#info] Set DNS suffix we filter out to: [(b'pac-dev', b'e', b'chainalysis', b'com'), ()]
  20.9  11 | 2021-11-30T15:39:54+0000 [stdout#info] Result for b'hellotelepresence-8.pac-dev.e.chainalysis.com' is ['127.0.0.1']
  20.9 TEL | [36] captured in 0.13 secs.
  20.9 TEL | Resolved hellotelepresence-8. 1 more...
  20.9 TEL | [37] Capturing: python3 -c 'import socket; socket.gethostbyname("hellotelepresence-8.a.sanity.check.telepresence.io")'
  21.0  19 | c : DNS request from ('192.168.86.30', 55319) to None: 68 bytes
  21.0  11 | 2021-11-30T15:39:54+0000 [stdout#info] Sanity check: b'hellotelepresence-8.a.sanity.check.telepresence.io'
  21.1 TEL | [37] exit 1 in 0.12 secs.
  21.2 TEL | Wait for vpn-tcp connection: hellotelepresence-9
  21.2 TEL | [38] Capturing: python3 -c 'import socket; socket.gethostbyname("hellotelepresence-9")'
  21.2  19 | c : DNS request from ('192.168.86.30', 58231) to None: 63 bytes
  21.3 TEL | [38] captured in 0.13 secs.
  21.3 TEL | Resolved hellotelepresence-9. 0 more...
  21.3 TEL | END SPAN vpn.py:85(connect_sshuttle,sshuttle-wait)    3.2s
  21.3 TEL | END SPAN vpn.py:62(connect_sshuttle)    3.2s
  21.3 >>> | Connected. Flushing DNS cache.
  21.3 TEL | [39] Running: sudo -n /usr/bin/pkill -HUP mDNSResponder
  21.3  11 | 2021-11-30T15:39:54+0000 [stdout#info] Result for b'hellotelepresence-9.pac-dev.e.chainalysis.com' is ['127.0.0.1']
  21.3  19 | c : DNS request from ('192.168.86.30', 64312) to None: 59 bytes
  21.3  19 | c : DNS request from ('192.168.86.30', 63968) to None: 59 bytes
  21.3  19 | c : DNS request from ('192.168.86.30', 53011) to None: 58 bytes
  21.3  19 | c : DNS request from ('192.168.86.30', 49516) to None: 59 bytes
  21.3  19 | c : DNS request from ('192.168.86.30', 65529) to None: 58 bytes
  21.3  19 | c : DNS request from ('192.168.86.30', 60618) to None: 59 bytes
  21.3 TEL | [39] ran in 0.05 secs.
  21.3  19 | c : DNS request from ('192.168.86.30', 51585) to None: 57 bytes
  21.3  19 | c : DNS request from ('192.168.86.30', 63711) to None: 58 bytes
  21.3  19 | c : DNS request from ('192.168.86.30', 61748) to None: 58 bytes
  21.3  19 | c : DNS request from ('192.168.86.30', 49981) to None: 23 bytes
  21.4  11 | 2021-11-30T15:39:54+0000 [stdout#info] 12 query: b'lb._dns-sd._udp.0.86.168.192.in-addr.arpa'
  21.4  11 | 2021-11-30T15:39:54+0000 [DNSDatagramProtocol (UDP)] DNSDatagramProtocol starting on 17193
  21.4  11 | 2021-11-30T15:39:54+0000 [DNSDatagramProtocol (UDP)] Starting protocol <twisted.names.dns.DNSDatagramProtocol object at 0x7fe46720d400>
  21.4  11 | 2021-11-30T15:39:54+0000 [stdout#info] Updated query of type 12 from b'lb._dns-sd._udp.pac-dev.e.chainalysis.com' to b'lb._dns-sd._udp'
  21.4  11 | 2021-11-30T15:39:54+0000 [stdout#info] 12 query: b'lb._dns-sd._udp'
  21.4  11 | 2021-11-30T15:39:54+0000 [DNSDatagramProtocol (UDP)] DNSDatagramProtocol starting on 42149
  21.4  11 | 2021-11-30T15:39:54+0000 [DNSDatagramProtocol (UDP)] Starting protocol <twisted.names.dns.DNSDatagramProtocol object at 0x7fe46720d5f8>
  21.4  11 | 2021-11-30T15:39:54+0000 [stdout#info] 12 query: b'b._dns-sd._udp.0.86.168.192.in-addr.arpa'
  21.4  11 | 2021-11-30T15:39:54+0000 [DNSDatagramProtocol (UDP)] DNSDatagramProtocol starting on 54777
  21.4  11 | 2021-11-30T15:39:54+0000 [DNSDatagramProtocol (UDP)] Starting protocol <twisted.names.dns.DNSDatagramProtocol object at 0x7fe46720d860>
  21.4  11 | 2021-11-30T15:39:54+0000 [stdout#info] 12 query: b'db._dns-sd._udp.0.86.168.192.in-addr.arpa'
  21.4  11 | 2021-11-30T15:39:54+0000 [DNSDatagramProtocol (UDP)] DNSDatagramProtocol starting on 46336
  21.4  11 | 2021-11-30T15:39:54+0000 [DNSDatagramProtocol (UDP)] Starting protocol <twisted.names.dns.DNSDatagramProtocol object at 0x7fe46720da58>
  21.4  11 | 2021-11-30T15:39:54+0000 [stdout#info] Updated query of type 12 from b'b._dns-sd._udp.pac-dev.e.chainalysis.com' to b'b._dns-sd._udp'
  21.4  11 | 2021-11-30T15:39:54+0000 [stdout#info] 12 query: b'b._dns-sd._udp'
  21.4  11 | 2021-11-30T15:39:54+0000 [DNSDatagramProtocol (UDP)] DNSDatagramProtocol starting on 62673
  21.4  11 | 2021-11-30T15:39:54+0000 [DNSDatagramProtocol (UDP)] Starting protocol <twisted.names.dns.DNSDatagramProtocol object at 0x7fe46720dd68>
  21.4  11 | 2021-11-30T15:39:54+0000 [stdout#info] Updated query of type 12 from b'db._dns-sd._udp.pac-dev.e.chainalysis.com' to b'db._dns-sd._udp'
  21.4  11 | 2021-11-30T15:39:54+0000 [stdout#info] 12 query: b'db._dns-sd._udp'
  21.4  11 | 2021-11-30T15:39:54+0000 [DNSDatagramProtocol (UDP)] DNSDatagramProtocol starting on 45661
  21.4  11 | 2021-11-30T15:39:54+0000 [DNSDatagramProtocol (UDP)] Starting protocol <twisted.names.dns.DNSDatagramProtocol object at 0x7fe46721a0f0>
  21.4  11 | 2021-11-30T15:39:54+0000 [stdout#info] 12 query: b'b._dns-sd._udp.42.46.77.10.in-addr.arpa'
  21.4  11 | 2021-11-30T15:39:54+0000 [DNSDatagramProtocol (UDP)] DNSDatagramProtocol starting on 59255
  21.4  11 | 2021-11-30T15:39:54+0000 [DNSDatagramProtocol (UDP)] Starting protocol <twisted.names.dns.DNSDatagramProtocol object at 0x7fe46721a358>
  21.4  11 | 2021-11-30T15:39:54+0000 [stdout#info] 12 query: b'db._dns-sd._udp.42.46.77.10.in-addr.arpa'
  21.4  11 | 2021-11-30T15:39:54+0000 [DNSDatagramProtocol (UDP)] DNSDatagramProtocol starting on 50077
  21.4  11 | 2021-11-30T15:39:54+0000 [DNSDatagramProtocol (UDP)] Starting protocol <twisted.names.dns.DNSDatagramProtocol object at 0x7fe46721a550>
  21.4  11 | 2021-11-30T15:39:54+0000 [stdout#info] 12 query: b'lb._dns-sd._udp.42.46.77.10.in-addr.arpa'
  21.4  11 | 2021-11-30T15:39:54+0000 [DNSDatagramProtocol (UDP)] DNSDatagramProtocol starting on 12069
  21.4  11 | 2021-11-30T15:39:54+0000 [DNSDatagramProtocol (UDP)] Starting protocol <twisted.names.dns.DNSDatagramProtocol object at 0x7fe46721a748>
  21.4  11 | 2021-11-30T15:39:54+0000 [stdout#info] 6 query: b'local'
  21.4  11 | 2021-11-30T15:39:54+0000 [DNSDatagramProtocol (UDP)] DNSDatagramProtocol starting on 19257
  21.4  11 | 2021-11-30T15:39:54+0000 [DNSDatagramProtocol (UDP)] Starting protocol <twisted.names.dns.DNSDatagramProtocol object at 0x7fe46721a978>
  21.4  11 | 2021-11-30T15:39:54+0000 [stdout#info] Failed to lookup b'lb._dns-sd._udp' due to [Failure instance: Traceback (failure with no frames): <class 'twisted.names.error.DNSNameError'>: <Message id=16205 rCode=3 maxSize=0 flags=answer,recDes,recAv queries=[Query(b'lb._dns-sd._udp', 12, 1)] authority=[<RR name= type=SOA class=IN ttl=2354s auth=False>]>
  21.4  11 | 2021-11-30T15:39:54+0000 [stdout#info] ], falling back to b'lb._dns-sd._udp.pac-dev.e.chainalysis.com'
  21.4  11 | 2021-11-30T15:39:54+0000 [DNSDatagramProtocol (UDP)] DNSDatagramProtocol starting on 59342
  21.4  11 | 2021-11-30T15:39:54+0000 [DNSDatagramProtocol (UDP)] Starting protocol <twisted.names.dns.DNSDatagramProtocol object at 0x7fe46721aac8>
  21.4  11 | 2021-11-30T15:39:54+0000 [-] (UDP Port 17193 Closed)
  21.4  11 | 2021-11-30T15:39:54+0000 [-] Stopping protocol <twisted.names.dns.DNSDatagramProtocol object at 0x7fe46720d400>
  21.4  11 | 2021-11-30T15:39:54+0000 [-] (UDP Port 42149 Closed)
  21.4  11 | 2021-11-30T15:39:54+0000 [-] Stopping protocol <twisted.names.dns.DNSDatagramProtocol object at 0x7fe46720d5f8>
  21.4  11 | 2021-11-30T15:39:54+0000 [-] (UDP Port 54777 Closed)
  21.4  11 | 2021-11-30T15:39:54+0000 [-] Stopping protocol <twisted.names.dns.DNSDatagramProtocol object at 0x7fe46720d860>
  21.4  11 | 2021-11-30T15:39:54+0000 [-] (UDP Port 46336 Closed)
  21.4  11 | 2021-11-30T15:39:54+0000 [-] Stopping protocol <twisted.names.dns.DNSDatagramProtocol object at 0x7fe46720da58>
  21.4  11 | 2021-11-30T15:39:54+0000 [stdout#info] Failed to lookup b'b._dns-sd._udp' due to [Failure instance: Traceback (failure with no frames): <class 'twisted.names.error.DNSNameError'>: <Message id=48209 rCode=3 maxSize=0 flags=answer,recDes,recAv queries=[Query(b'b._dns-sd._udp', 12, 1)] authority=[<RR name= type=SOA class=IN ttl=2354s auth=False>]>
  21.4  11 | 2021-11-30T15:39:54+0000 [stdout#info] ], falling back to b'b._dns-sd._udp.pac-dev.e.chainalysis.com'
  21.4  11 | 2021-11-30T15:39:54+0000 [DNSDatagramProtocol (UDP)] DNSDatagramProtocol starting on 22628
  21.4  11 | 2021-11-30T15:39:54+0000 [DNSDatagramProtocol (UDP)] Starting protocol <twisted.names.dns.DNSDatagramProtocol object at 0x7fe46720d2b0>
  21.4  11 | 2021-11-30T15:39:54+0000 [-] (UDP Port 62673 Closed)
  21.4  11 | 2021-11-30T15:39:54+0000 [-] Stopping protocol <twisted.names.dns.DNSDatagramProtocol object at 0x7fe46720dd68>
  21.4  11 | 2021-11-30T15:39:54+0000 [stdout#info] Failed to lookup b'db._dns-sd._udp' due to [Failure instance: Traceback (failure with no frames): <class 'twisted.names.error.DNSNameError'>: <Message id=6622 rCode=3 maxSize=0 flags=answer,recDes,recAv queries=[Query(b'db._dns-sd._udp', 12, 1)] authority=[<RR name= type=SOA class=IN ttl=2354s auth=False>]>
  21.4  11 | 2021-11-30T15:39:54+0000 [stdout#info] ], falling back to b'db._dns-sd._udp.pac-dev.e.chainalysis.com'
  21.4  11 | 2021-11-30T15:39:54+0000 [DNSDatagramProtocol (UDP)] DNSDatagramProtocol starting on 28950
  21.4  11 | 2021-11-30T15:39:54+0000 [DNSDatagramProtocol (UDP)] Starting protocol <twisted.names.dns.DNSDatagramProtocol object at 0x7fe46720dc50>
  21.4  11 | 2021-11-30T15:39:54+0000 [-] (UDP Port 45661 Closed)
  21.4  11 | 2021-11-30T15:39:54+0000 [-] Stopping protocol <twisted.names.dns.DNSDatagramProtocol object at 0x7fe46721a0f0>
  21.4  11 | 2021-11-30T15:39:54+0000 [-] (UDP Port 59255 Closed)
  21.4  11 | 2021-11-30T15:39:54+0000 [-] Stopping protocol <twisted.names.dns.DNSDatagramProtocol object at 0x7fe46721a358>
  21.4  11 | 2021-11-30T15:39:54+0000 [-] (UDP Port 50077 Closed)
  21.4  11 | 2021-11-30T15:39:54+0000 [-] Stopping protocol <twisted.names.dns.DNSDatagramProtocol object at 0x7fe46721a550>
  21.4  11 | 2021-11-30T15:39:54+0000 [-] (UDP Port 12069 Closed)
  21.4  11 | 2021-11-30T15:39:54+0000 [-] Stopping protocol <twisted.names.dns.DNSDatagramProtocol object at 0x7fe46721a748>
  21.4  11 | 2021-11-30T15:39:54+0000 [-] (UDP Port 59342 Closed)
  21.4  11 | 2021-11-30T15:39:54+0000 [-] Stopping protocol <twisted.names.dns.DNSDatagramProtocol object at 0x7fe46721aac8>
  21.4  11 | 2021-11-30T15:39:54+0000 [-] (UDP Port 28950 Closed)
  21.4  11 | 2021-11-30T15:39:54+0000 [-] Stopping protocol <twisted.names.dns.DNSDatagramProtocol object at 0x7fe46720dc50>
  21.4  11 | 2021-11-30T15:39:54+0000 [-] (UDP Port 22628 Closed)
  21.4  11 | 2021-11-30T15:39:54+0000 [-] Stopping protocol <twisted.names.dns.DNSDatagramProtocol object at 0x7fe46720d2b0>
  22.1 >>> | Setup complete. Launching your command.
  22.1 TEL | Everything launched. Waiting to exit...
  22.1 TEL | BEGIN SPAN runner.py:754(wait_for_exit)
  22.3  19 | c : DNS request from ('192.168.86.30', 49981) to None: 23 bytes
  22.4  11 | 2021-11-30T15:39:55+0000 [stdout#info] 6 query: b'local'
  22.4  11 | 2021-11-30T15:39:55+0000 [-] DNSDatagramProtocol starting on 65465
  22.4  11 | 2021-11-30T15:39:55+0000 [-] Starting protocol <twisted.names.dns.DNSDatagramProtocol object at 0x7fe46720d160>
  22.4  11 | 2021-11-30T15:39:55+0000 [-] (UDP Port 19257 Closed)
  22.4  11 | 2021-11-30T15:39:55+0000 [-] Stopping protocol <twisted.names.dns.DNSDatagramProtocol object at 0x7fe46721a978>
  24.3  19 | c : DNS request from ('192.168.86.30', 51419) to None: 23 bytes
  24.4  11 | 2021-11-30T15:39:57+0000 [stdout#info] 6 query: b'local'
  25.4  19 | c : DNS request from ('192.168.86.30', 51419) to None: 23 bytes
  25.4  11 | 2021-11-30T15:39:58+0000 [stdout#info] 6 query: b'local'
  25.4  11 | 2021-11-30T15:39:58+0000 [-] DNSDatagramProtocol starting on 46192
  25.4  11 | 2021-11-30T15:39:58+0000 [-] Starting protocol <twisted.names.dns.DNSDatagramProtocol object at 0x7fe46720d048>
  25.4  11 | 2021-11-30T15:39:58+0000 [-] (UDP Port 65465 Closed)
  25.4  11 | 2021-11-30T15:39:58+0000 [-] Stopping protocol <twisted.names.dns.DNSDatagramProtocol object at 0x7fe46720d160>
  30.7 TEL | [40] Running: sudo -n echo -n
  30.8 TEL | [40] ran in 0.03 secs.
  33.3 TEL | (proxy checking local liveness)
  33.4  11 | 2021-11-30T15:40:06+0000 [Poll#info] Checkpoint
  36.4  11 | 2021-11-30T15:40:09+0000 [-] DNSDatagramProtocol starting on 58434
  36.4  11 | 2021-11-30T15:40:09+0000 [-] Starting protocol <twisted.names.dns.DNSDatagramProtocol object at 0x7fe467253b00>
  36.4  11 | 2021-11-30T15:40:09+0000 [-] (UDP Port 46192 Closed)
  36.4  11 | 2021-11-30T15:40:09+0000 [-] Stopping protocol <twisted.names.dns.DNSDatagramProtocol object at 0x7fe46720d048>
  39.7  19 | c : DNS request from ('192.168.86.30', 64291) to None: 74 bytes
  39.7  11 | 2021-11-30T15:40:13+0000 [stdout#info] A query: b'6b816ec8-d17b-4344-ba29-6a716ed499e6.catalog.k8slens.dev'
  39.7  11 | 2021-11-30T15:40:13+0000 [DNSDatagramProtocol (UDP)] DNSDatagramProtocol starting on 47945
  39.7  11 | 2021-11-30T15:40:13+0000 [DNSDatagramProtocol (UDP)] Starting protocol <twisted.names.dns.DNSDatagramProtocol object at 0x7fe4671ad2b0>
  39.7  11 | 2021-11-30T15:40:13+0000 [-] (UDP Port 47945 Closed)
  39.7  11 | 2021-11-30T15:40:13+0000 [-] Stopping protocol <twisted.names.dns.DNSDatagramProtocol object at 0x7fe4671ad2b0>
  60.8 TEL | [41] Running: sudo -n echo -n
  60.8 TEL | [41] ran in 0.03 secs.
  63.3 TEL | (proxy checking local liveness)
  63.4  11 | 2021-11-30T15:40:36+0000 [Poll#info] Checkpoint
  64.7  19 | c : DNS request from ('192.168.86.30', 58419) to None: 33 bytes
  64.7  11 | 2021-11-30T15:40:38+0000 [stdout#info] A query: b'api.k8slens.dev'
  64.7  11 | 2021-11-30T15:40:38+0000 [DNSDatagramProtocol (UDP)] DNSDatagramProtocol starting on 15737
  64.7  11 | 2021-11-30T15:40:38+0000 [DNSDatagramProtocol (UDP)] Starting protocol <twisted.names.dns.DNSDatagramProtocol object at 0x7fe4671ada20>
  64.8  11 | 2021-11-30T15:40:38+0000 [-] (UDP Port 15737 Closed)
  64.8  11 | 2021-11-30T15:40:38+0000 [-] Stopping protocol <twisted.names.dns.DNSDatagramProtocol object at 0x7fe4671ada20>
  81.4  11 | 2021-11-30T15:40:54+0000 [-] Unhandled Error
  81.4  11 | 	Traceback (most recent call last):
  81.4  11 | 	Failure: twisted.internet.defer.TimeoutError: [Query(b'local', 6, 1)]
  81.4  11 | 
  81.4  11 | 2021-11-30T15:40:54+0000 [-] Unhandled Error
  81.4  11 | 	Traceback (most recent call last):
  81.4  11 | 	Failure: twisted.internet.defer.TimeoutError: [Query(b'local', 6, 1)]
  81.4  11 | 
  81.4  11 | 2021-11-30T15:40:54+0000 [-] Unhandled Error
  81.4  11 | 	Traceback (most recent call last):
  81.4  11 | 	Failure: twisted.internet.defer.TimeoutError: [Query(b'local', 6, 1)]
  81.4  11 | 
  81.4  11 | 2021-11-30T15:40:54+0000 [-] Unhandled Error
  81.4  11 | 	Traceback (most recent call last):
  81.4  11 | 	Failure: twisted.internet.defer.TimeoutError: [Query(b'local', 6, 1)]
  81.4  11 | 
  81.4  11 | 2021-11-30T15:40:54+0000 [-] (UDP Port 58434 Closed)
  81.4  11 | 2021-11-30T15:40:54+0000 [-] Stopping protocol <twisted.names.dns.DNSDatagramProtocol object at 0x7fe467253b00>
  84.6  19 | c : DNS request from ('192.168.86.30', 62879) to None: 59 bytes
  84.6  19 | c : DNS request from ('192.168.86.30', 65178) to None: 59 bytes
  84.6  19 | c : DNS request from ('192.168.86.30', 60398) to None: 58 bytes
  84.6  19 | c : DNS request from ('192.168.86.30', 59296) to None: 59 bytes
  84.6  19 | c : DNS request from ('192.168.86.30', 58635) to None: 58 bytes
  84.6  19 | c : DNS request from ('192.168.86.30', 51385) to None: 59 bytes
  84.6  19 | c : DNS request from ('192.168.86.30', 62633) to None: 57 bytes
  84.6  19 | c : DNS request from ('192.168.86.30', 60971) to None: 58 bytes
  84.6  19 | c : DNS request from ('192.168.86.30', 51107) to None: 58 bytes
  84.7  11 | 2021-11-30T15:40:58+0000 [stdout#info] 12 query: b'lb._dns-sd._udp.0.86.168.192.in-addr.arpa'
  84.7  11 | 2021-11-30T15:40:58+0000 [DNSDatagramProtocol (UDP)] DNSDatagramProtocol starting on 22249
  84.7  11 | 2021-11-30T15:40:58+0000 [DNSDatagramProtocol (UDP)] Starting protocol <twisted.names.dns.DNSDatagramProtocol object at 0x7fe467253b00>
  84.7  11 | 2021-11-30T15:40:58+0000 [stdout#info] Updated query of type 12 from b'lb._dns-sd._udp.pac-dev.e.chainalysis.com' to b'lb._dns-sd._udp'
  84.7  11 | 2021-11-30T15:40:58+0000 [stdout#info] 12 query: b'lb._dns-sd._udp'
  84.7  11 | 2021-11-30T15:40:58+0000 [DNSDatagramProtocol (UDP)] DNSDatagramProtocol starting on 38738
  84.7  11 | 2021-11-30T15:40:58+0000 [DNSDatagramProtocol (UDP)] Starting protocol <twisted.names.dns.DNSDatagramProtocol object at 0x7fe46720d7f0>
  84.7  11 | 2021-11-30T15:40:58+0000 [stdout#info] 12 query: b'b._dns-sd._udp.0.86.168.192.in-addr.arpa'
  84.7  11 | 2021-11-30T15:40:58+0000 [DNSDatagramProtocol (UDP)] DNSDatagramProtocol starting on 41433
  84.7  11 | 2021-11-30T15:40:58+0000 [DNSDatagramProtocol (UDP)] Starting protocol <twisted.names.dns.DNSDatagramProtocol object at 0x7fe4671ad978>
  84.7  11 | 2021-11-30T15:40:58+0000 [stdout#info] 12 query: b'db._dns-sd._udp.0.86.168.192.in-addr.arpa'
  84.7  11 | 2021-11-30T15:40:58+0000 [DNSDatagramProtocol (UDP)] DNSDatagramProtocol starting on 10049
  84.7  11 | 2021-11-30T15:40:58+0000 [DNSDatagramProtocol (UDP)] Starting protocol <twisted.names.dns.DNSDatagramProtocol object at 0x7fe4671adb70>
  84.7  11 | 2021-11-30T15:40:58+0000 [stdout#info] Updated query of type 12 from b'b._dns-sd._udp.pac-dev.e.chainalysis.com' to b'b._dns-sd._udp'
  84.7  11 | 2021-11-30T15:40:58+0000 [stdout#info] 12 query: b'b._dns-sd._udp'
  84.7  11 | 2021-11-30T15:40:58+0000 [DNSDatagramProtocol (UDP)] DNSDatagramProtocol starting on 47430
  84.7  11 | 2021-11-30T15:40:58+0000 [DNSDatagramProtocol (UDP)] Starting protocol <twisted.names.dns.DNSDatagramProtocol object at 0x7fe4671add68>
  84.7  11 | 2021-11-30T15:40:58+0000 [stdout#info] Updated query of type 12 from b'db._dns-sd._udp.pac-dev.e.chainalysis.com' to b'db._dns-sd._udp'
  84.7  11 | 2021-11-30T15:40:58+0000 [stdout#info] 12 query: b'db._dns-sd._udp'
  84.7  11 | 2021-11-30T15:40:58+0000 [DNSDatagramProtocol (UDP)] DNSDatagramProtocol starting on 34214
  84.7  11 | 2021-11-30T15:40:58+0000 [DNSDatagramProtocol (UDP)] Starting protocol <twisted.names.dns.DNSDatagramProtocol object at 0x7fe4671ad278>
  84.7  11 | 2021-11-30T15:40:58+0000 [stdout#info] 12 query: b'b._dns-sd._udp.42.46.77.10.in-addr.arpa'
  84.7  11 | 2021-11-30T15:40:58+0000 [DNSDatagramProtocol (UDP)] DNSDatagramProtocol starting on 6909
  84.7  11 | 2021-11-30T15:40:58+0000 [DNSDatagramProtocol (UDP)] Starting protocol <twisted.names.dns.DNSDatagramProtocol object at 0x7fe467249320>
  84.7  11 | 2021-11-30T15:40:58+0000 [stdout#info] 12 query: b'db._dns-sd._udp.42.46.77.10.in-addr.arpa'
  84.7  11 | 2021-11-30T15:40:58+0000 [DNSDatagramProtocol (UDP)] DNSDatagramProtocol starting on 8546
  84.7  11 | 2021-11-30T15:40:58+0000 [DNSDatagramProtocol (UDP)] Starting protocol <twisted.names.dns.DNSDatagramProtocol object at 0x7fe4671b4198>
  84.7  11 | 2021-11-30T15:40:58+0000 [stdout#info] 12 query: b'lb._dns-sd._udp.42.46.77.10.in-addr.arpa'
  84.7  11 | 2021-11-30T15:40:58+0000 [DNSDatagramProtocol (UDP)] DNSDatagramProtocol starting on 40764
  84.7  11 | 2021-11-30T15:40:58+0000 [DNSDatagramProtocol (UDP)] Starting protocol <twisted.names.dns.DNSDatagramProtocol object at 0x7fe4671b4390>
  84.7  11 | 2021-11-30T15:40:58+0000 [-] (UDP Port 22249 Closed)
  84.7  11 | 2021-11-30T15:40:58+0000 [-] Stopping protocol <twisted.names.dns.DNSDatagramProtocol object at 0x7fe467253b00>
  84.7  11 | 2021-11-30T15:40:58+0000 [stdout#info] Failed to lookup b'lb._dns-sd._udp' due to [Failure instance: Traceback (failure with no frames): <class 'twisted.names.error.DNSNameError'>: <Message id=25401 rCode=3 maxSize=0 flags=answer,recDes,recAv queries=[Query(b'lb._dns-sd._udp', 12, 1)] authority=[<RR name= type=SOA class=IN ttl=2290s auth=False>]>
  84.7  11 | 2021-11-30T15:40:58+0000 [stdout#info] ], falling back to b'lb._dns-sd._udp.pac-dev.e.chainalysis.com'
  84.7  11 | 2021-11-30T15:40:58+0000 [DNSDatagramProtocol (UDP)] DNSDatagramProtocol starting on 52406
  84.7  11 | 2021-11-30T15:40:58+0000 [DNSDatagramProtocol (UDP)] Starting protocol <twisted.names.dns.DNSDatagramProtocol object at 0x7fe4671b44e0>
  84.7  11 | 2021-11-30T15:40:58+0000 [-] (UDP Port 38738 Closed)
  84.7  11 | 2021-11-30T15:40:58+0000 [-] Stopping protocol <twisted.names.dns.DNSDatagramProtocol object at 0x7fe46720d7f0>
  84.7  11 | 2021-11-30T15:40:58+0000 [stdout#info] Failed to lookup b'b._dns-sd._udp' due to [Failure instance: Traceback (failure with no frames): <class 'twisted.names.error.DNSNameError'>: <Message id=23159 rCode=3 maxSize=0 flags=answer,recDes,recAv queries=[Query(b'b._dns-sd._udp', 12, 1)] authority=[<RR name= type=SOA class=IN ttl=2290s auth=False>]>
  84.7  11 | 2021-11-30T15:40:58+0000 [stdout#info] ], falling back to b'b._dns-sd._udp.pac-dev.e.chainalysis.com'
  84.7  11 | 2021-11-30T15:40:58+0000 [DNSDatagramProtocol (UDP)] DNSDatagramProtocol starting on 2066
  84.7  11 | 2021-11-30T15:40:58+0000 [DNSDatagramProtocol (UDP)] Starting protocol <twisted.names.dns.DNSDatagramProtocol object at 0x7fe4671ad5f8>
  84.7  11 | 2021-11-30T15:40:58+0000 [stdout#info] Failed to lookup b'db._dns-sd._udp' due to [Failure instance: Traceback (failure with no frames): <class 'twisted.names.error.DNSNameError'>: <Message id=23115 rCode=3 maxSize=0 flags=answer,recDes,recAv queries=[Query(b'db._dns-sd._udp', 12, 1)] authority=[<RR name= type=SOA class=IN ttl=2290s auth=False>]>
  84.7  11 | 2021-11-30T15:40:58+0000 [stdout#info] ], falling back to b'db._dns-sd._udp.pac-dev.e.chainalysis.com'
  84.7  11 | 2021-11-30T15:40:58+0000 [DNSDatagramProtocol (UDP)] DNSDatagramProtocol starting on 57651
  84.7  11 | 2021-11-30T15:40:58+0000 [DNSDatagramProtocol (UDP)] Starting protocol <twisted.names.dns.DNSDatagramProtocol object at 0x7fe4671ad908>
  84.7  11 | 2021-11-30T15:40:58+0000 [-] (UDP Port 41433 Closed)
  84.7  11 | 2021-11-30T15:40:58+0000 [-] Stopping protocol <twisted.names.dns.DNSDatagramProtocol object at 0x7fe4671ad978>
  84.7  11 | 2021-11-30T15:40:58+0000 [-] (UDP Port 10049 Closed)
  84.7  11 | 2021-11-30T15:40:58+0000 [-] Stopping protocol <twisted.names.dns.DNSDatagramProtocol object at 0x7fe4671adb70>
  84.7  11 | 2021-11-30T15:40:58+0000 [-] (UDP Port 47430 Closed)
  84.7  11 | 2021-11-30T15:40:58+0000 [-] Stopping protocol <twisted.names.dns.DNSDatagramProtocol object at 0x7fe4671add68>
  84.7  11 | 2021-11-30T15:40:58+0000 [-] (UDP Port 34214 Closed)
  84.7  11 | 2021-11-30T15:40:58+0000 [-] Stopping protocol <twisted.names.dns.DNSDatagramProtocol object at 0x7fe4671ad278>
  84.7  11 | 2021-11-30T15:40:58+0000 [-] (UDP Port 6909 Closed)
  84.7  11 | 2021-11-30T15:40:58+0000 [-] Stopping protocol <twisted.names.dns.DNSDatagramProtocol object at 0x7fe467249320>
  84.7  11 | 2021-11-30T15:40:58+0000 [-] (UDP Port 8546 Closed)
  84.7  11 | 2021-11-30T15:40:58+0000 [-] Stopping protocol <twisted.names.dns.DNSDatagramProtocol object at 0x7fe4671b4198>
  84.7  11 | 2021-11-30T15:40:58+0000 [-] (UDP Port 40764 Closed)
  84.7  11 | 2021-11-30T15:40:58+0000 [-] Stopping protocol <twisted.names.dns.DNSDatagramProtocol object at 0x7fe4671b4390>
  84.7  11 | 2021-11-30T15:40:58+0000 [-] (UDP Port 2066 Closed)
  84.7  11 | 2021-11-30T15:40:58+0000 [-] Stopping protocol <twisted.names.dns.DNSDatagramProtocol object at 0x7fe4671ad5f8>
  84.7  11 | 2021-11-30T15:40:58+0000 [-] (UDP Port 57651 Closed)
  84.7  11 | 2021-11-30T15:40:58+0000 [-] Stopping protocol <twisted.names.dns.DNSDatagramProtocol object at 0x7fe4671ad908>
  84.7  11 | 2021-11-30T15:40:58+0000 [-] (UDP Port 52406 Closed)
  84.7  11 | 2021-11-30T15:40:58+0000 [-] Stopping protocol <twisted.names.dns.DNSDatagramProtocol object at 0x7fe4671b44e0>
  90.9 TEL | [42] Running: sudo -n echo -n
  90.9 TEL | [42] ran in 0.03 secs.
  93.3 TEL | (proxy checking local liveness)
  93.4  11 | 2021-11-30T15:41:06+0000 [Poll#info] Checkpoint
 121.0 TEL | [43] Running: sudo -n echo -n
 121.0 TEL | [43] ran in 0.03 secs.
 123.4 TEL | (proxy checking local liveness)
 123.4  11 | 2021-11-30T15:41:36+0000 [Poll#info] Checkpoint
 136.6  19 | c : DNS request from ('192.168.86.30', 53552) to None: 36 bytes
 136.6  19 | c : DNS request from ('192.168.86.30', 63566) to None: 36 bytes
 136.6  11 | 2021-11-30T15:41:50+0000 [twisted.names.resolve.ResolverChain#debug] Query of unknown type 65 for b'graph.facebook.com'
 136.6  11 | 2021-11-30T15:41:50+0000 [stdout#info] 65 query: b'graph.facebook.com'
 136.6  11 | 2021-11-30T15:41:50+0000 [twisted.names.client.Resolver#debug] Query of unknown type 65 for b'graph.facebook.com'
 136.7  11 | 2021-11-30T15:41:50+0000 [DNSDatagramProtocol (UDP)] DNSDatagramProtocol starting on 5586
 136.7  11 | 2021-11-30T15:41:50+0000 [DNSDatagramProtocol (UDP)] Starting protocol <twisted.names.dns.DNSDatagramProtocol object at 0x7fe4671ad9b0>
 136.7  11 | 2021-11-30T15:41:50+0000 [stdout#info] A query: b'graph.facebook.com'
 136.7  11 | 2021-11-30T15:41:50+0000 [DNSDatagramProtocol (UDP)] DNSDatagramProtocol starting on 54235
 136.7  11 | 2021-11-30T15:41:50+0000 [DNSDatagramProtocol (UDP)] Starting protocol <twisted.names.dns.DNSDatagramProtocol object at 0x7fe4671adb00>
 136.7  11 | 2021-11-30T15:41:50+0000 [-] (UDP Port 54235 Closed)
 136.7  11 | 2021-11-30T15:41:50+0000 [-] Stopping protocol <twisted.names.dns.DNSDatagramProtocol object at 0x7fe4671adb00>
 136.7  11 | 2021-11-30T15:41:50+0000 [-] (UDP Port 5586 Closed)
 136.7  11 | 2021-11-30T15:41:50+0000 [-] Stopping protocol <twisted.names.dns.DNSDatagramProtocol object at 0x7fe4671ad9b0>
 136.7  19 | c : DNS request from ('192.168.86.30', 58896) to None: 40 bytes
 136.7  11 | 2021-11-30T15:41:50+0000 [twisted.names.resolve.ResolverChain#debug] Query of unknown type 65 for b'star.c10r.facebook.com'
 136.7  11 | 2021-11-30T15:41:50+0000 [stdout#info] 65 query: b'star.c10r.facebook.com'
 136.7  11 | 2021-11-30T15:41:50+0000 [twisted.names.client.Resolver#debug] Query of unknown type 65 for b'star.c10r.facebook.com'
 136.7  11 | 2021-11-30T15:41:50+0000 [DNSDatagramProtocol (UDP)] DNSDatagramProtocol starting on 37596
 136.7  11 | 2021-11-30T15:41:50+0000 [DNSDatagramProtocol (UDP)] Starting protocol <twisted.names.dns.DNSDatagramProtocol object at 0x7fe4671ad5f8>
 136.7  11 | 2021-11-30T15:41:50+0000 [-] (UDP Port 37596 Closed)
 136.7  11 | 2021-11-30T15:41:50+0000 [-] Stopping protocol <twisted.names.dns.DNSDatagramProtocol object at 0x7fe4671ad5f8>
 151.0 TEL | [44] Running: sudo -n echo -n
 151.1 TEL | [44] ran in 0.03 secs.
 153.4 TEL | (proxy checking local liveness)
 153.4  11 | 2021-11-30T15:42:06+0000 [Poll#info] Checkpoint
 181.1 TEL | [45] Running: sudo -n echo -n
 181.1 TEL | [45] ran in 0.03 secs.
 183.4 TEL | (proxy checking local liveness)
 183.4  11 | 2021-11-30T15:42:36+0000 [Poll#info] Checkpoint
 211.2 TEL | [46] Running: sudo -n echo -n
 211.2 TEL | [46] ran in 0.03 secs.
 213.3 TEL | (proxy checking local liveness)
 213.4  11 | 2021-11-30T15:43:06+0000 [Poll#info] Checkpoint
 227.1  19 | c : DNS request from ('192.168.86.30', 7849) to None: 41 bytes
 227.1  11 | 2021-11-30T15:43:20+0000 [stdout#info] A query: b'spclient.wg.spotify.com'
 227.1  11 | 2021-11-30T15:43:20+0000 [DNSDatagramProtocol (UDP)] DNSDatagramProtocol starting on 16490
 227.1  11 | 2021-11-30T15:43:20+0000 [DNSDatagramProtocol (UDP)] Starting protocol <twisted.names.dns.DNSDatagramProtocol object at 0x7fe4671b9940>
 227.2  11 | 2021-11-30T15:43:20+0000 [-] (UDP Port 16490 Closed)
 227.2  11 | 2021-11-30T15:43:20+0000 [-] Stopping protocol <twisted.names.dns.DNSDatagramProtocol object at 0x7fe4671b9940>
 230.4  19 | c : DNS request from ('192.168.86.30', 63117) to None: 43 bytes
 230.4  19 | c : DNS request from ('192.168.86.30', 53886) to None: 43 bytes
 230.4  11 | 2021-11-30T15:43:23+0000 [twisted.names.resolve.ResolverChain#debug] Query of unknown type 65 for b'chainalysis.jamfcloud.com'
 230.4  11 | 2021-11-30T15:43:23+0000 [stdout#info] 65 query: b'chainalysis.jamfcloud.com'
 230.5  11 | 2021-11-30T15:43:23+0000 [twisted.names.client.Resolver#debug] Query of unknown type 65 for b'chainalysis.jamfcloud.com'
 230.5  11 | 2021-11-30T15:43:23+0000 [DNSDatagramProtocol (UDP)] DNSDatagramProtocol starting on 21100
 230.5  11 | 2021-11-30T15:43:23+0000 [DNSDatagramProtocol (UDP)] Starting protocol <twisted.names.dns.DNSDatagramProtocol object at 0x7fe4671b9a20>
 230.5  11 | 2021-11-30T15:43:23+0000 [stdout#info] A query: b'chainalysis.jamfcloud.com'
 230.5  11 | 2021-11-30T15:43:23+0000 [DNSDatagramProtocol (UDP)] DNSDatagramProtocol starting on 22397
 230.5  11 | 2021-11-30T15:43:23+0000 [DNSDatagramProtocol (UDP)] Starting protocol <twisted.names.dns.DNSDatagramProtocol object at 0x7fe4671b9ac8>
 230.5  11 | 2021-11-30T15:43:23+0000 [-] (UDP Port 22397 Closed)
 230.5  11 | 2021-11-30T15:43:23+0000 [-] Stopping protocol <twisted.names.dns.DNSDatagramProtocol object at 0x7fe4671b9ac8>
 230.5  11 | 2021-11-30T15:43:23+0000 [-] (UDP Port 21100 Closed)
 230.5  11 | 2021-11-30T15:43:23+0000 [-] Stopping protocol <twisted.names.dns.DNSDatagramProtocol object at 0x7fe4671b9a20>
 232.6  19 | c : DNS request from ('192.168.86.30', 51673) to None: 46 bytes
 232.7  11 | 2021-11-30T15:43:26+0000 [stdout#info] A query: b'fcmconnection.googleapis.com'
 232.7  11 | 2021-11-30T15:43:26+0000 [DNSDatagramProtocol (UDP)] DNSDatagramProtocol starting on 13347
 232.7  11 | 2021-11-30T15:43:26+0000 [DNSDatagramProtocol (UDP)] Starting protocol <twisted.names.dns.DNSDatagramProtocol object at 0x7fe4671b9860>
 232.7  11 | 2021-11-30T15:43:26+0000 [-] (UDP Port 13347 Closed)
 232.7  11 | 2021-11-30T15:43:26+0000 [-] Stopping protocol <twisted.names.dns.DNSDatagramProtocol object at 0x7fe4671b9860>
 232.9  19 | c : DNS request from ('192.168.86.30', 62100) to None: 36 bytes
 232.9  11 | 2021-11-30T15:43:26+0000 [stdout#info] A query: b'www.googleapis.com'
 232.9  11 | 2021-11-30T15:43:26+0000 [DNSDatagramProtocol (UDP)] DNSDatagramProtocol starting on 32208
 232.9  11 | 2021-11-30T15:43:26+0000 [DNSDatagramProtocol (UDP)] Starting protocol <twisted.names.dns.DNSDatagramProtocol object at 0x7fe4671b9ba8>
 232.9  11 | 2021-11-30T15:43:26+0000 [-] (UDP Port 32208 Closed)
 232.9  11 | 2021-11-30T15:43:26+0000 [-] Stopping protocol <twisted.names.dns.DNSDatagramProtocol object at 0x7fe4671b9ba8>
 241.3 TEL | [47] Running: sudo -n echo -n
 241.3 TEL | [47] ran in 0.03 secs.
 243.3 TEL | (proxy checking local liveness)
 243.4  11 | 2021-11-30T15:43:36+0000 [Poll#info] Checkpoint
 243.9  19 | c : DNS request from ('192.168.86.30', 58955) to None: 59 bytes
 243.9  19 | c : DNS request from ('192.168.86.30', 51326) to None: 59 bytes
 243.9  19 | c : DNS request from ('192.168.86.30', 59145) to None: 58 bytes
 243.9  19 | c : DNS request from ('192.168.86.30', 54178) to None: 59 bytes
 243.9  19 | c : DNS request from ('192.168.86.30', 50117) to None: 58 bytes
 243.9  19 | c : DNS request from ('192.168.86.30', 62259) to None: 59 bytes
 243.9  19 | c : DNS request from ('192.168.86.30', 63040) to None: 57 bytes
 243.9  19 | c : DNS request from ('192.168.86.30', 56800) to None: 58 bytes
 243.9  19 | c : DNS request from ('192.168.86.30', 61227) to None: 58 bytes
 243.9  11 | 2021-11-30T15:43:37+0000 [stdout#info] 12 query: b'lb._dns-sd._udp.0.86.168.192.in-addr.arpa'
 243.9  11 | 2021-11-30T15:43:37+0000 [DNSDatagramProtocol (UDP)] DNSDatagramProtocol starting on 58968
 243.9  11 | 2021-11-30T15:43:37+0000 [DNSDatagramProtocol (UDP)] Starting protocol <twisted.names.dns.DNSDatagramProtocol object at 0x7fe4671b9a58>
 243.9  11 | 2021-11-30T15:43:37+0000 [stdout#info] Updated query of type 12 from b'lb._dns-sd._udp.pac-dev.e.chainalysis.com' to b'lb._dns-sd._udp'
 243.9  11 | 2021-11-30T15:43:37+0000 [stdout#info] 12 query: b'lb._dns-sd._udp'
 243.9  11 | 2021-11-30T15:43:37+0000 [DNSDatagramProtocol (UDP)] DNSDatagramProtocol starting on 24982
 243.9  11 | 2021-11-30T15:43:37+0000 [DNSDatagramProtocol (UDP)] Starting protocol <twisted.names.dns.DNSDatagramProtocol object at 0x7fe4671ba080>
 243.9  11 | 2021-11-30T15:43:37+0000 [stdout#info] 12 query: b'b._dns-sd._udp.0.86.168.192.in-addr.arpa'
 243.9  11 | 2021-11-30T15:43:37+0000 [DNSDatagramProtocol (UDP)] DNSDatagramProtocol starting on 42498
 243.9  11 | 2021-11-30T15:43:37+0000 [DNSDatagramProtocol (UDP)] Starting protocol <twisted.names.dns.DNSDatagramProtocol object at 0x7fe4671ba2e8>
 243.9  11 | 2021-11-30T15:43:37+0000 [stdout#info] 12 query: b'db._dns-sd._udp.0.86.168.192.in-addr.arpa'
 243.9  11 | 2021-11-30T15:43:37+0000 [DNSDatagramProtocol (UDP)] DNSDatagramProtocol starting on 9944
 243.9  11 | 2021-11-30T15:43:37+0000 [DNSDatagramProtocol (UDP)] Starting protocol <twisted.names.dns.DNSDatagramProtocol object at 0x7fe4671ba4e0>
 243.9  11 | 2021-11-30T15:43:37+0000 [stdout#info] Updated query of type 12 from b'b._dns-sd._udp.pac-dev.e.chainalysis.com' to b'b._dns-sd._udp'
 243.9  11 | 2021-11-30T15:43:37+0000 [stdout#info] 12 query: b'b._dns-sd._udp'
 243.9  11 | 2021-11-30T15:43:37+0000 [DNSDatagramProtocol (UDP)] DNSDatagramProtocol starting on 11632
 243.9  11 | 2021-11-30T15:43:37+0000 [DNSDatagramProtocol (UDP)] Starting protocol <twisted.names.dns.DNSDatagramProtocol object at 0x7fe4671ba7b8>
 243.9  11 | 2021-11-30T15:43:37+0000 [stdout#info] Updated query of type 12 from b'db._dns-sd._udp.pac-dev.e.chainalysis.com' to b'db._dns-sd._udp'
 243.9  11 | 2021-11-30T15:43:37+0000 [stdout#info] 12 query: b'db._dns-sd._udp'
 243.9  11 | 2021-11-30T15:43:37+0000 [DNSDatagramProtocol (UDP)] DNSDatagramProtocol starting on 29950
 243.9  11 | 2021-11-30T15:43:37+0000 [DNSDatagramProtocol (UDP)] Starting protocol <twisted.names.dns.DNSDatagramProtocol object at 0x7fe4671bab00>
 243.9  11 | 2021-11-30T15:43:37+0000 [stdout#info] 12 query: b'b._dns-sd._udp.42.46.77.10.in-addr.arpa'
 243.9  11 | 2021-11-30T15:43:37+0000 [DNSDatagramProtocol (UDP)] DNSDatagramProtocol starting on 31624
 243.9  11 | 2021-11-30T15:43:37+0000 [DNSDatagramProtocol (UDP)] Starting protocol <twisted.names.dns.DNSDatagramProtocol object at 0x7fe4671bad68>
 243.9  11 | 2021-11-30T15:43:37+0000 [stdout#info] 12 query: b'db._dns-sd._udp.42.46.77.10.in-addr.arpa'
 243.9  11 | 2021-11-30T15:43:37+0000 [DNSDatagramProtocol (UDP)] DNSDatagramProtocol starting on 12801
 243.9  11 | 2021-11-30T15:43:37+0000 [DNSDatagramProtocol (UDP)] Starting protocol <twisted.names.dns.DNSDatagramProtocol object at 0x7fe4671b9518>
 243.9  11 | 2021-11-30T15:43:37+0000 [stdout#info] 12 query: b'lb._dns-sd._udp.42.46.77.10.in-addr.arpa'
 243.9  11 | 2021-11-30T15:43:37+0000 [DNSDatagramProtocol (UDP)] DNSDatagramProtocol starting on 40792
 243.9  11 | 2021-11-30T15:43:37+0000 [DNSDatagramProtocol (UDP)] Starting protocol <twisted.names.dns.DNSDatagramProtocol object at 0x7fe4671b94a8>
 243.9  11 | 2021-11-30T15:43:37+0000 [-] (UDP Port 58968 Closed)
 243.9  11 | 2021-11-30T15:43:37+0000 [-] Stopping protocol <twisted.names.dns.DNSDatagramProtocol object at 0x7fe4671b9a58>
 243.9  11 | 2021-11-30T15:43:37+0000 [stdout#info] Failed to lookup b'lb._dns-sd._udp' due to [Failure instance: Traceback (failure with no frames): <class 'twisted.names.error.DNSNameError'>: <Message id=3001 rCode=3 maxSize=0 flags=answer,recDes,recAv queries=[Query(b'lb._dns-sd._udp', 12, 1)] authority=[<RR name= type=SOA class=IN ttl=2131s auth=False>]>
 243.9  11 | 2021-11-30T15:43:37+0000 [stdout#info] ], falling back to b'lb._dns-sd._udp.pac-dev.e.chainalysis.com'
 243.9  11 | 2021-11-30T15:43:37+0000 [DNSDatagramProtocol (UDP)] DNSDatagramProtocol starting on 43633
 243.9  11 | 2021-11-30T15:43:37+0000 [DNSDatagramProtocol (UDP)] Starting protocol <twisted.names.dns.DNSDatagramProtocol object at 0x7fe4671b9f28>
 243.9  11 | 2021-11-30T15:43:37+0000 [-] (UDP Port 24982 Closed)
 243.9  11 | 2021-11-30T15:43:37+0000 [-] Stopping protocol <twisted.names.dns.DNSDatagramProtocol object at 0x7fe4671ba080>
 243.9  11 | 2021-11-30T15:43:37+0000 [-] (UDP Port 42498 Closed)
 243.9  11 | 2021-11-30T15:43:37+0000 [-] Stopping protocol <twisted.names.dns.DNSDatagramProtocol object at 0x7fe4671ba2e8>
 243.9  11 | 2021-11-30T15:43:37+0000 [stdout#info] Failed to lookup b'b._dns-sd._udp' due to [Failure instance: Traceback (failure with no frames): <class 'twisted.names.error.DNSNameError'>: <Message id=23597 rCode=3 maxSize=0 flags=answer,recDes,recAv queries=[Query(b'b._dns-sd._udp', 12, 1)] authority=[<RR name= type=SOA class=IN ttl=2131s auth=False>]>
 243.9  11 | 2021-11-30T15:43:37+0000 [stdout#info] ], falling back to b'b._dns-sd._udp.pac-dev.e.chainalysis.com'
 243.9  11 | 2021-11-30T15:43:37+0000 [DNSDatagramProtocol (UDP)] DNSDatagramProtocol starting on 39127
 243.9  11 | 2021-11-30T15:43:37+0000 [DNSDatagramProtocol (UDP)] Starting protocol <twisted.names.dns.DNSDatagramProtocol object at 0x7fe4671adeb8>
 243.9  11 | 2021-11-30T15:43:37+0000 [stdout#info] Failed to lookup b'db._dns-sd._udp' due to [Failure instance: Traceback (failure with no frames): <class 'twisted.names.error.DNSNameError'>: <Message id=44498 rCode=3 maxSize=0 flags=answer,recDes,recAv queries=[Query(b'db._dns-sd._udp', 12, 1)] authority=[<RR name= type=SOA class=IN ttl=2131s auth=False>]>
 243.9  11 | 2021-11-30T15:43:37+0000 [stdout#info] ], falling back to b'db._dns-sd._udp.pac-dev.e.chainalysis.com'
 243.9  11 | 2021-11-30T15:43:37+0000 [DNSDatagramProtocol (UDP)] DNSDatagramProtocol starting on 49500
 243.9  11 | 2021-11-30T15:43:37+0000 [DNSDatagramProtocol (UDP)] Starting protocol <twisted.names.dns.DNSDatagramProtocol object at 0x7fe4671ad320>
 243.9  11 | 2021-11-30T15:43:37+0000 [-] (UDP Port 9944 Closed)
 243.9  11 | 2021-11-30T15:43:37+0000 [-] Stopping protocol <twisted.names.dns.DNSDatagramProtocol object at 0x7fe4671ba4e0>
 243.9  11 | 2021-11-30T15:43:37+0000 [-] (UDP Port 11632 Closed)
 243.9  11 | 2021-11-30T15:43:37+0000 [-] Stopping protocol <twisted.names.dns.DNSDatagramProtocol object at 0x7fe4671ba7b8>
 243.9  11 | 2021-11-30T15:43:37+0000 [-] (UDP Port 29950 Closed)
 243.9  11 | 2021-11-30T15:43:37+0000 [-] Stopping protocol <twisted.names.dns.DNSDatagramProtocol object at 0x7fe4671bab00>
 243.9  11 | 2021-11-30T15:43:37+0000 [-] (UDP Port 31624 Closed)
 243.9  11 | 2021-11-30T15:43:37+0000 [-] Stopping protocol <twisted.names.dns.DNSDatagramProtocol object at 0x7fe4671bad68>
 243.9  11 | 2021-11-30T15:43:37+0000 [-] (UDP Port 12801 Closed)
 243.9  11 | 2021-11-30T15:43:37+0000 [-] Stopping protocol <twisted.names.dns.DNSDatagramProtocol object at 0x7fe4671b9518>
 243.9  11 | 2021-11-30T15:43:37+0000 [-] (UDP Port 40792 Closed)
 243.9  11 | 2021-11-30T15:43:37+0000 [-] Stopping protocol <twisted.names.dns.DNSDatagramProtocol object at 0x7fe4671b94a8>
 243.9  11 | 2021-11-30T15:43:37+0000 [-] (UDP Port 43633 Closed)
 243.9  11 | 2021-11-30T15:43:37+0000 [-] Stopping protocol <twisted.names.dns.DNSDatagramProtocol object at 0x7fe4671b9f28>
 244.0  11 | 2021-11-30T15:43:37+0000 [-] (UDP Port 39127 Closed)
 244.0  11 | 2021-11-30T15:43:37+0000 [-] Stopping protocol <twisted.names.dns.DNSDatagramProtocol object at 0x7fe4671adeb8>
 244.0  11 | 2021-11-30T15:43:37+0000 [-] (UDP Port 49500 Closed)
 244.0  11 | 2021-11-30T15:43:37+0000 [-] Stopping protocol <twisted.names.dns.DNSDatagramProtocol object at 0x7fe4671ad320>
 261.6  19 | c : DNS request from ('192.168.86.30', 63241) to None: 40 bytes
 261.7  11 | 2021-11-30T15:43:55+0000 [stdout#info] A query: b'star.c10r.facebook.com'
 261.7  11 | 2021-11-30T15:43:55+0000 [DNSDatagramProtocol (UDP)] DNSDatagramProtocol starting on 16910
 261.7  11 | 2021-11-30T15:43:55+0000 [DNSDatagramProtocol (UDP)] Starting protocol <twisted.names.dns.DNSDatagramProtocol object at 0x7fe4671b9518>
 261.7  11 | 2021-11-30T15:43:55+0000 [-] (UDP Port 16910 Closed)
 261.7  11 | 2021-11-30T15:43:55+0000 [-] Stopping protocol <twisted.names.dns.DNSDatagramProtocol object at 0x7fe4671b9518>
 267.3  19 | c : DNS request from ('192.168.86.30', 59681) to None: 33 bytes
 267.3  11 | 2021-11-30T15:44:00+0000 [stdout#info] A query: b'app.k8slens.dev'
 267.4  11 | 2021-11-30T15:44:00+0000 [DNSDatagramProtocol (UDP)] DNSDatagramProtocol starting on 19531
 267.4  11 | 2021-11-30T15:44:00+0000 [DNSDatagramProtocol (UDP)] Starting protocol <twisted.names.dns.DNSDatagramProtocol object at 0x7fe4671b9f28>
 267.4  11 | 2021-11-30T15:44:00+0000 [-] (UDP Port 19531 Closed)
 267.4  11 | 2021-11-30T15:44:00+0000 [-] Stopping protocol <twisted.names.dns.DNSDatagramProtocol object at 0x7fe4671b9f28>
 271.3 TEL | Main process (bash --norc)
 271.3 TEL |  exited with code 0.
 271.3 >>> | Received signal SIGHUP while in function wait_for_exit
 271.3  19 | >> pfctl -a sshuttle6-12300 -F all
 271.3  19 | >> pfctl -X 16953842396307961239
 271.3  19 | >> pfctl -a sshuttle-12300 -F all
 271.3  19 | >> pfctl -X 16953842396306319479
 271.3 TEL | [19] sshuttle: exit -1
 271.3 TEL | [48] Running: sudo -n echo -n
 271.4 TEL | [48] ran in 0.03 secs.
 273.3 TEL | CRASH: [Errno 5] Input/output error
 273.3 TEL | Traceback (most recent call last):
 273.3 TEL |   File "/usr/local/bin/telepresence/telepresence/cli.py", line 135, in crash_reporting
 273.3 TEL |     yield
 273.3 TEL |   File "/usr/local/bin/telepresence/telepresence/main.py", line 85, in main
 273.3 TEL |     runner.wait_for_exit(user_process)
 273.3 TEL |   File "/usr/local/bin/telepresence/telepresence/runner/runner.py", line 757, in wait_for_exit
 273.3 TEL |     sleep(0.1)
 273.3 TEL |   File "/usr/local/bin/telepresence/telepresence/runner/runner.py", line 656, in _signal_received
 273.3 TEL |     self.show(
 273.3 TEL |   File "/usr/local/bin/telepresence/telepresence/runner/runner.py", line 194, in show
 273.3 TEL |     print(self.wrapper.fill(line), file=sys.stderr)
 273.3 TEL | OSError: [Errno 5] Input/output error
 273.3 TEL | (calling crash reporter...)
 273.3 >>> | Exit cleanup in progress
 273.3 TEL | (proxy checking local liveness)
 273.3  11 | 2021-11-30T15:44:06+0000 [Poll#info] Checkpoint
 301.4 TEL | [49] Running: sudo -n echo -n
 301.4 TEL | [49] ran in 0.03 secs.
 303.3 TEL | (proxy checking local liveness)
 303.4  11 | 2021-11-30T15:44:36+0000 [Poll#info] Checkpoint
 331.5 TEL | [50] Running: sudo -n echo -n
 331.5 TEL | [50] ran in 0.03 secs.
 333.3 TEL | (proxy checking local liveness)
 333.4  11 | 2021-11-30T15:45:06+0000 [Poll#info] Checkpoint
 361.5 TEL | [51] Running: sudo -n echo -n
 361.6 TEL | [51] ran in 0.03 secs.
 363.3 TEL | (proxy checking local liveness)
 363.4  11 | 2021-11-30T15:45:36+0000 [Poll#info] Checkpoint
 391.6 TEL | [52] Running: sudo -n echo -n
 391.7 TEL | [52] ran in 0.03 secs.
 393.3 TEL | (proxy checking local liveness)
 393.4  11 | 2021-11-30T15:46:06+0000 [Poll#info] Checkpoint
 421.7 TEL | [53] Running: sudo -n echo -n
 421.7 TEL | [53] ran in 0.03 secs.
 423.4 TEL | (proxy checking local liveness)
 423.4  11 | 2021-11-30T15:46:36+0000 [Poll#info] Checkpoint
 451.8 TEL | [54] Running: sudo -n echo -n
 451.8 TEL | [54] ran in 0.04 secs.
 453.3 TEL | (proxy checking local liveness)
 453.3  11 | 2021-11-30T15:47:06+0000 [Poll#info] Checkpoint
 481.9 TEL | [55] Running: sudo -n echo -n
 482.0 TEL | [55] ran in 0.05 secs.
 483.3 TEL | (proxy checking local liveness)
 483.4  11 | 2021-11-30T15:47:36+0000 [Poll#info] Checkpoint
 512.0 TEL | [56] Running: sudo -n echo -n
 512.1 TEL | [56] ran in 0.03 secs.
 513.3 TEL | (proxy checking local liveness)
 513.4  11 | 2021-11-30T15:48:06+0000 [Poll#info] Checkpoint
 542.1 TEL | [57] Running: sudo -n echo -n
 542.2 TEL | [57] ran in 0.03 secs.
 543.3 TEL | (proxy checking local liveness)
 543.4  11 | 2021-11-30T15:48:36+0000 [Poll#info] Checkpoint
 572.2 TEL | [58] Running: sudo -n echo -n
 572.2 TEL | [58] ran in 0.04 secs.
 573.3 TEL | (proxy checking local liveness)
 573.3  11 | 2021-11-30T15:49:06+0000 [Poll#info] Checkpoint
 602.3 TEL | [59] Running: sudo -n echo -n
 602.3 TEL | [59] ran in 0.03 secs.
 603.3 TEL | (proxy checking local liveness)
 603.3  11 | 2021-11-30T15:49:36+0000 [Poll#info] Checkpoint
 632.4 TEL | [60] Running: sudo -n echo -n
 632.4 TEL | [60] ran in 0.03 secs.
 633.3 TEL | (proxy checking local liveness)
 633.3  11 | 2021-11-30T15:50:06+0000 [Poll#info] Checkpoint
 662.5 TEL | [61] Running: sudo -n echo -n
 662.5 TEL | [61] ran in 0.03 secs.
 663.3 TEL | (proxy checking local liveness)
 663.4  11 | 2021-11-30T15:50:36+0000 [Poll#info] Checkpoint
 692.5 TEL | [62] Running: sudo -n echo -n
 692.6 TEL | [62] ran in 0.03 secs.
 693.3 TEL | (proxy checking local liveness)
 693.4  11 | 2021-11-30T15:51:06+0000 [Poll#info] Checkpoint
 722.6 TEL | [63] Running: sudo -n echo -n
 722.7 TEL | [63] ran in 0.03 secs.
 723.3 TEL | (proxy checking local liveness)
 723.3  11 | 2021-11-30T15:51:36+0000 [Poll#info] Checkpoint
 752.7 TEL | [64] Running: sudo -n echo -n
 752.8 TEL | [64] ran in 0.03 secs.
 753.3 TEL | (proxy checking local liveness)
 753.4  11 | 2021-11-30T15:52:06+0000 [Poll#info] Checkpoint
 782.8 TEL | [65] Running: sudo -n echo -n
 782.8 TEL | [65] ran in 0.03 secs.
 783.3 TEL | (proxy checking local liveness)
 783.4  11 | 2021-11-30T15:52:36+0000 [Poll#info] Checkpoint
 812.9 TEL | [66] Running: sudo -n echo -n
 812.9 TEL | [66] ran in 0.03 secs.
 813.3 TEL | (proxy checking local liveness)
 813.4  11 | 2021-11-30T15:53:06+0000 [Poll#info] Checkpoint
 822.8 >>> | Received signal SIGTERM while in function _shutdown
